<?xml version="1.0" encoding="UTF-8"?>
<testng-results ignored="0" total="1" passed="1" failed="0" skipped="0">
  <reporter-output>
  </reporter-output>
  <suite started-at="2023-06-11T02:32:28 IST" name="Default suite" finished-at="2023-06-11T02:34:43 IST" duration-ms="134159">
    <groups>
    </groups>
    <test started-at="2023-06-11T02:32:28 IST" name="Default test" finished-at="2023-06-11T02:34:43 IST" duration-ms="134159">
      <class name="com.testng.examples.Project1_OrangeHRM_MaiantainenceModule">
        <test-method is-config="true" signature="beforeTestExecution()[pri:0, instance:com.testng.examples.Project1_OrangeHRM_MaiantainenceModule@12aba8be]" started-at="2023-06-11T02:32:29 IST" name="beforeTestExecution" finished-at="2023-06-11T02:33:28 IST" duration-ms="59237" status="PASS">
          <reporter-output>
          </reporter-output>
        </test-method> <!-- beforeTestExecution -->
        <test-method signature="verifyOrangeHRMLogin()[pri:0, instance:com.testng.examples.Project1_OrangeHRM_MaiantainenceModule@12aba8be]" started-at="2023-06-11T02:33:28 IST" name="verifyOrangeHRMLogin" finished-at="2023-06-11T02:34:42 IST" duration-ms="74666" status="PASS">
          <reporter-output>
          </reporter-output>
        </test-method> <!-- verifyOrangeHRMLogin -->
        <test-method is-config="true" signature="afterTestExecution()[pri:0, instance:com.testng.examples.Project1_OrangeHRM_MaiantainenceModule@12aba8be]" started-at="2023-06-11T02:34:43 IST" name="afterTestExecution" finished-at="2023-06-11T02:34:43 IST" duration-ms="2" status="PASS">
          <reporter-output>
          </reporter-output>
        </test-method> <!-- afterTestExecution -->
      </class> <!-- com.testng.examples.Project1_OrangeHRM_MaiantainenceModule -->
    </test> <!-- Default test -->
  </suite> <!-- Default suite -->
</testng-results>
